<?xml version="1.0" encoding="UTF-8"?>
<persistence xmlns="http://xmlns.jcp.org/xml/ns/persistence" version="2.1">

    <persistence-unit name="CinemaReservationsPU">
        <class>CinemaReservations.model.Reservation</class>
        <class>CinemaReservations.model.MovieShow</class>
        <class>CinemaReservations.model.Film</class>
        <class>CinemaReservations.model.TheatreHall</class>
        <properties>
            <property name="javax.persistence.schema-generation.database.action" value ="drop-and-create"/>
            <property name="javax.persistence.schema-generation.scripts.action" value ="drop-and-create"/>
            <property name="javax.persistence.schema-generation.scripts.create-target" value ="CinemaReservationsCreate.ddl"/>
            <property name="javax.persistence.schema-generation.scripts.drop-target" value ="CinemaReservationsDrop.ddl"/>
        </properties>
    </persistence-unit>
</persistence>
